<?xml version="1.0" encoding="UTF-8"?>
<testng-results skipped="0" failed="0" total="1" passed="1">
  <reporter-output>
  </reporter-output>
  <suite name="TestNG Parameter TestSuite" duration-ms="52619" started-at="2018-09-29T15:25:17Z" finished-at="2018-09-29T15:26:10Z">
    <groups>
    </groups>
    <test name="FreeCrmLoginTest" duration-ms="52619" started-at="2018-09-29T15:25:17Z" finished-at="2018-09-29T15:26:10Z">
      <class name="com.testng.parameters.ParameterTest">
        <test-method status="PASS" signature="freeCRMLoginTest(java.lang.String, java.lang.String, java.lang.String, java.lang.String)[pri:0, instance:com.testng.parameters.ParameterTest@6ea12c19]" name="freeCRMLoginTest" duration-ms="52426" started-at="2018-09-29T20:55:17Z" finished-at="2018-09-29T20:56:10Z">
          <params>
            <param index="0">
              <value>
                <![CDATA[https://www.freecrm.com]]>
              </value>
            </param>
            <param index="1">
              <value>
                <![CDATA[chrome]]>
              </value>
            </param>
            <param index="2">
              <value>
                <![CDATA[Praveen1177]]>
              </value>
            </param>
            <param index="3">
              <value>
                <![CDATA[praveen@1120]]>
              </value>
            </param>
          </params>
          <reporter-output>
          </reporter-output>
        </test-method> <!-- freeCRMLoginTest -->
        <test-method status="PASS" signature="tearDown()[pri:0, instance:com.testng.parameters.ParameterTest@6ea12c19]" name="tearDown" is-config="true" duration-ms="165" started-at="2018-09-29T20:56:10Z" finished-at="2018-09-29T20:56:10Z">
          <reporter-output>
          </reporter-output>
        </test-method> <!-- tearDown -->
      </class> <!-- com.testng.parameters.ParameterTest -->
    </test> <!-- FreeCrmLoginTest -->
  </suite> <!-- TestNG Parameter TestSuite -->
</testng-results>
